mysqld, Version: 10.2.13-MariaDB-10.2.13+maria~jessie-log (mariadb.org binary distribution). started with:
Tcp port: 3306  Unix socket: /var/run/mysqld/mysqld.sock
Time                 Id Command    Argument
# Time: 180306  9:46:32
# User@Host: root[root] @ localhost []
# Thread_id: 13  Schema:   QC_hit: No
# Query_time: 10.000202  Lock_time: 0.000000  Rows_sent: 1  Rows_examined: 0
# Rows_affected: 0
SET timestamp=1520300792;
select sleep(10);
# Time: 180306  9:48:47
# User@Host: root[root] @ localhost []
# Thread_id: 13  Schema:   QC_hit: No
# Query_time: 10.000486  Lock_time: 0.000000  Rows_sent: 1  Rows_examined: 0
# Rows_affected: 0
SET timestamp=1520300927;
select sleep(10);
# Time: 180306  9:49:14
# User@Host: root[root] @ localhost []
# Thread_id: 13  Schema:   QC_hit: No
# Query_time: 10.001429  Lock_time: 0.000000  Rows_sent: 1  Rows_examined: 0
# Rows_affected: 0
SET timestamp=1520300954;
select sleep(10);
